{"name": "test_printcarnameandprice[firefox-Honda-Honda CarsSSSS]", "status": "failed", "statusDetails": {"message": "AssertionError: Not on the correct page as title is not matching\nassert 'Honda Cars' == 'Honda CarsSSSS'\n  - Honda CarsSSSS\n  ?           ----\n  + Honda Cars", "trace": "self = <TestCases.test_carwale.Test_CarWale object at 0x000001FF4B5DFB10>\ncarBrand = 'Honda', carTitle = 'Honda CarsSSSS'\n\n    @pytest.mark.parametrize(\"carBrand, carTitle\", get_data(\"newCarsTest\"))\n    def test_printcarnameandprice(self, carBrand, carTitle):\n        log.logger.info(\"****Inside Car Names and prices******\")\n        home = HomePage(self.driver)\n        car = CarBase(self.driver)\n    \n        if carBrand == \"BMW\":\n            home.gotoNewCars().selectBMW()\n            title = car.getCarTitle()\n            print(\"Car title is: \" + title)\n            assert title == carTitle, \"Not on the correct page as title is not matching\"\n            car.getCarNameAndPrices()\n        elif carBrand == \"Toyota\":\n            home.gotoNewCars().selectToyota()\n            title = car.getCarTitle()\n            print(\"Car title is: \" + title)\n            assert title == carTitle, \"Not on the correct page as title is not matching\"\n            car.getCarNameAndPrices()\n        elif carBrand == \"Hyundai\":\n            home.gotoNewCars().selectHyundai()\n            title = car.getCarTitle()\n            print(\"Car title is: \" + title)\n            assert title == carTitle, \"Not on the correct page as title is not matching\"\n            car.getCarNameAndPrices()\n        elif carBrand == \"Honda\":\n            home.gotoNewCars().selectHonda()\n            title = car.getCarTitle()\n            print(\"Car title is: \" + title)\n>           assert title == carTitle, \"Not on the correct page as title is not matching\"\nE           AssertionError: Not on the correct page as title is not matching\nE           assert 'Honda Cars' == 'Honda CarsSSSS'\nE             - Honda CarsSSSS\nE             ?           ----\nE             + Honda Cars\n\ntest_carwale.py:83: AssertionError"}, "attachments": [{"name": "log", "source": "7b313fae-93ae-403e-83d9-e2d635f6504f-attachment.txt", "type": "text/plain"}], "parameters": [{"name": "get_browser", "value": "'firefox'"}, {"name": "carBrand", "value": "'Honda'"}, {"name": "carTitle", "value": "'Honda CarsSSSS'"}], "start": 1695155801165, "stop": 1695155804286, "uuid": "6b158c74-f164-4e24-8a52-d6d39ee2ab2e", "historyId": "df728d0512a10151ee1be5507e65a550", "testCaseId": "9c57a1a69df0b0dfed4b2ee279e8562c", "fullName": "test_carwale.Test_CarWale#test_printcarnameandprice", "labels": [{"name": "tag", "value": "@pytest.mark.usefixtures('log_on_failure', 'get_browser')"}, {"name": "suite", "value": "test_carwale"}, {"name": "subSuite", "value": "Test_CarWale"}, {"name": "host", "value": "MXLP0854002"}, {"name": "thread", "value": "7848-MainThread"}, {"name": "framework", "value": "pytest"}, {"name": "language", "value": "cpython3"}, {"name": "package", "value": "test_carwale"}]}